<?xml version="1.0" encoding="UTF-8"?>
<testng-results skipped="0" failed="0" ignored="0" total="1" passed="1">
  <reporter-output>
  </reporter-output>
  <suite name="Suite" duration-ms="19426" started-at="2019-11-11T12:31:10 IST" finished-at="2019-11-11T12:31:30 IST">
    <groups>
    </groups>
    <test name="Test" duration-ms="19426" started-at="2019-11-11T12:31:10 IST" finished-at="2019-11-11T12:31:30 IST">
      <class name="com.test.qa.GooleTest">
        <test-method status="PASS" signature="test1()[pri:0, instance:com.test.qa.GooleTest@1d4520b]" name="test1" duration-ms="19314" started-at="2019-11-11T12:31:10 IST" finished-at="2019-11-11T12:31:30 IST">
          <reporter-output>
          </reporter-output>
        </test-method> <!-- test1 -->
      </class> <!-- com.test.qa.GooleTest -->
    </test> <!-- Test -->
  </suite> <!-- Suite -->
</testng-results>
